<?xml version="1.0" encoding="UTF-8"?>
<!-- Generated by org.testng.reporters.JUnitReportReporter -->
<testsuite hostname="DESKTOP-F78VU5T" failures="0" tests="5" name="BasketTests.BasketTest" time="217.133" errors="0" timestamp="14 груд. 2021 20:19:47 GMT" skipped="0">
  <testcase classname="BasketTests.BasketTest" name="checkThatProductIsInBucketAndBlowPrice" time="50.438"/>
  <testcase classname="BasketTests.BasketTest" name="checkThatProductIsInBucketAndBlowPrice" time="41.872"/>
  <testcase classname="BasketTests.BasketTest" name="checkThatProductIsInBucketAndBlowPrice" time="37.507"/>
  <testcase classname="BasketTests.BasketTest" name="checkThatProductIsInBucketAndBlowPrice" time="38.901"/>
  <testcase classname="BasketTests.BasketTest" name="checkThatProductIsInBucketAndBlowPrice" time="48.415"/>
</testsuite> <!-- BasketTests.BasketTest -->
